<?xml version="1.0" encoding="UTF-8"?>
<testng-results skipped="0" failed="0" ignored="0" total="1" passed="1">
  <reporter-output>
  </reporter-output>
  <suite name="Default suite" duration-ms="14097" started-at="2020-04-12T10:19:53 IST" finished-at="2020-04-12T10:20:07 IST">
    <groups>
    </groups>
    <test name="Default test" duration-ms="14097" started-at="2020-04-12T10:19:53 IST" finished-at="2020-04-12T10:20:07 IST">
      <class name="linkOnPage.Assignment">
        <test-method status="PASS" signature="setUp()[pri:0, instance:linkOnPage.Assignment@3d99d22e]" name="setUp" is-config="true" duration-ms="13498" started-at="2020-04-12T10:19:53 IST" finished-at="2020-04-12T10:20:06 IST">
          <reporter-output>
          </reporter-output>
        </test-method> <!-- setUp -->
        <test-method status="PASS" signature="selectCheckBox()[pri:0, instance:linkOnPage.Assignment@3d99d22e]" name="selectCheckBox" duration-ms="567" started-at="2020-04-12T10:20:06 IST" finished-at="2020-04-12T10:20:07 IST">
          <reporter-output>
          </reporter-output>
        </test-method> <!-- selectCheckBox -->
      </class> <!-- linkOnPage.Assignment -->
    </test> <!-- Default test -->
  </suite> <!-- Default suite -->
</testng-results>
